GROUP,PACKAGE,CLASS,INSTRUCTION_MISSED,INSTRUCTION_COVERED,BRANCH_MISSED,BRANCH_COVERED,LINE_MISSED,LINE_COVERED,COMPLEXITY_MISSED,COMPLEXITY_COVERED,METHOD_MISSED,METHOD_COVERED
Commons Lang,org.apache.commons.lang3.text.translate,UnicodeUnescaper,0,119,2,14,0,19,2,8,0,2
Commons Lang,org.apache.commons.lang3.text.translate,OctalUnescaper,0,70,0,12,0,13,0,9,0,3
Commons Lang,org.apache.commons.lang3.text.translate,AggregateTranslator,0,37,0,4,0,8,0,4,0,2
Commons Lang,org.apache.commons.lang3.text.translate,CharSequenceTranslator,6,110,0,14,2,26,0,12,0,5
Commons Lang,org.apache.commons.lang3.text.translate,LookupTranslator,0,107,1,13,0,25,1,8,0,2
Commons Lang,org.apache.commons.lang3.text.translate,CodePointTranslator,0,18,0,2,0,6,0,3,0,2
Commons Lang,org.apache.commons.lang3.text.translate,NumericEntityEscaper,0,76,0,10,0,20,0,12,0,7
Commons Lang,org.apache.commons.lang3.text.translate,UnicodeEscaper,18,118,1,17,3,23,2,14,1,6
Commons Lang,org.apache.commons.lang3.text.translate,EntityArrays,0,3450,0,2,0,26,0,14,0,13
Commons Lang,org.apache.commons.lang3.text.translate,NumericEntityUnescaper,2,203,5,43,0,41,5,22,0,3
Commons Lang,org.apache.commons.lang3.text.translate,NumericEntityUnescaper.OPTION,5,43,0,0,0,1,1,3,1,3
Commons Lang,org.apache.commons.lang3,LocaleUtils,0,373,5,59,0,73,5,37,0,10
Commons Lang,org.apache.commons.lang3,EnumUtils,0,64,0,6,0,18,0,8,0,5
Commons Lang,org.apache.commons.lang3,CharSet,0,301,0,34,0,60,0,26,0,9
Commons Lang,org.apache.commons.lang3,StringEscapeUtils.CsvEscaper,5,61,1,3,1,10,1,4,0,3
Commons Lang,org.apache.commons.lang3,RandomStringUtils,11,234,1,47,2,51,2,35,1,12
Commons Lang,org.apache.commons.lang3,Range,20,362,5,65,2,82,6,52,1,22
Commons Lang,org.apache.commons.lang3,AnnotationUtils.new ToStringStyle() {...},7,76,4,4,2,23,4,3,0,3
Commons Lang,org.apache.commons.lang3,BitField,0,150,0,14,0,27,0,25,0,18
Commons Lang,org.apache.commons.lang3,CharUtils,0,321,0,76,0,62,0,62,0,24
Commons Lang,org.apache.commons.lang3,CharRange,0,241,1,49,0,44,1,38,0,14
Commons Lang,org.apache.commons.lang3,AnnotationUtils,48,484,9,83,21,93,10,47,1,10
Commons Lang,org.apache.commons.lang3,LocaleUtils.SyncAvoid,3,16,0,0,1,4,1,1,1,1
Commons Lang,org.apache.commons.lang3,CharRange.CharacterIterator,4,126,0,18,1,29,1,13,1,4
Commons Lang,org.apache.commons.lang3,ClassUtils,43,1126,14,214,14,282,15,138,1,38
Commons Lang,org.apache.commons.lang3,JavaVersion,9,195,0,20,0,36,2,16,2,6
Commons Lang,org.apache.commons.lang3,BooleanUtils,0,666,10,218,0,160,10,142,0,36
Commons Lang,org.apache.commons.lang3,Validate,18,556,8,74,6,108,8,72,2,37
Commons Lang,org.apache.commons.lang3,ArrayUtils,2,4021,3,911,1,1010,3,658,0,204
Commons Lang,org.apache.commons.lang3,ObjectUtils,33,318,0,62,6,75,0,49,0,18
Commons Lang,org.apache.commons.lang3,CharEncoding,0,13,0,2,0,6,0,3,0,2
Commons Lang,org.apache.commons.lang3,Range.ComparableComparator,5,28,0,0,0,4,1,4,1,4
Commons Lang,org.apache.commons.lang3,StringEscapeUtils.CsvUnescaper,5,82,2,6,1,12,2,5,0,3
Commons Lang,org.apache.commons.lang3,SerializationException,0,16,0,0,0,8,0,4,0,4
Commons Lang,org.apache.commons.lang3,CharSequenceUtils,30,122,7,21,9,26,6,16,0,8
Commons Lang,org.apache.commons.lang3,ObjectUtils.Null,0,5,0,0,0,3,0,2,0,2
Commons Lang,org.apache.commons.lang3,StringEscapeUtils,12,423,0,0,3,44,3,11,3,11
Commons Lang,org.apache.commons.lang3,CharSetUtils,0,190,1,39,0,46,1,26,0,7
Commons Lang,org.apache.commons.lang3,SystemUtils,27,322,12,22,3,92,12,20,0,15
Commons Lang,org.apache.commons.lang3,StringUtils,154,4994,29,1114,36,1258,29,709,2,164
Commons Lang,org.apache.commons.lang3,SerializationUtils,5,117,2,12,2,38,2,11,0,6
Commons Lang,org.apache.commons.lang3.reflect,TypeUtils,501,887,118,162,89,203,84,83,3,24
Commons Lang,org.apache.commons.lang3.reflect,MemberUtils,5,214,6,38,2,43,7,24,1,8
Commons Lang,org.apache.commons.lang3.reflect,FieldUtils,41,530,6,60,7,123,7,55,1,28
Commons Lang,org.apache.commons.lang3.reflect,ConstructorUtils,24,176,8,26,8,47,9,16,1,7
Commons Lang,org.apache.commons.lang3.reflect,MethodUtils,22,433,6,68,7,116,5,46,0,14
Commons Lang,org.apache.commons.lang3.event,EventUtils,27,82,0,0,4,13,0,3,0,3
Commons Lang,org.apache.commons.lang3.event,EventListenerSupport.ProxyInvocationHandler,0,25,0,2,0,5,0,3,0,2
Commons Lang,org.apache.commons.lang3.event,EventListenerSupport,0,186,0,2,0,46,0,15,0,14
Commons Lang,org.apache.commons.lang3.event,EventUtils.EventBindingInvocationHandler,0,60,0,8,0,11,0,7,0,3
Commons Lang,org.apache.commons.lang3.math,IEEE754rUtils,0,223,0,40,0,57,0,33,0,13
Commons Lang,org.apache.commons.lang3.math,NumberUtils,45,1464,44,314,9,367,38,190,0,48
Commons Lang,org.apache.commons.lang3.math,Fraction,32,1274,16,180,6,275,14,119,0,35
Commons Lang,org.apache.commons.lang3.concurrent,ConstantInitializer,0,57,0,6,0,14,0,9,0,6
Commons Lang,org.apache.commons.lang3.concurrent,BackgroundInitializer.InitializationTask,0,30,0,4,0,7,0,4,0,2
Commons Lang,org.apache.commons.lang3.concurrent,BasicThreadFactory.Builder,0,77,0,6,0,26,0,11,0,8
Commons Lang,org.apache.commons.lang3.concurrent,TimedSemaphore,0,203,0,24,0,54,0,28,0,16
Commons Lang,org.apache.commons.lang3.concurrent,ConcurrentUtils.ConstantFuture,0,18,0,0,0,8,0,6,0,6
Commons Lang,org.apache.commons.lang3.concurrent,MultiBackgroundInitializer.MultiBackgroundInitializerResults,0,75,0,2,0,18,0,9,0,8
Commons Lang,org.apache.commons.lang3.concurrent,CallableBackgroundInitializer,0,31,0,2,0,12,0,5,0,4
Commons Lang,org.apache.commons.lang3.concurrent,TimedSemaphore.new Runnable() {...},0,10,0,0,0,3,0,2,0,2
Commons Lang,org.apache.commons.lang3.concurrent,BackgroundInitializer,4,102,0,10,2,31,0,17,0,12
Commons Lang,org.apache.commons.lang3.concurrent,LazyInitializer,5,28,1,3,0,9,1,3,0,2
Commons Lang,org.apache.commons.lang3.concurrent,AtomicInitializer,4,25,1,3,1,7,1,3,0,2
Commons Lang,org.apache.commons.lang3.concurrent,ConcurrentException,3,11,0,0,2,4,1,2,1,2
Commons Lang,org.apache.commons.lang3.concurrent,MultiBackgroundInitializer,5,162,0,14,0,38,0,12,0,5
Commons Lang,org.apache.commons.lang3.concurrent,ConcurrentRuntimeException,3,11,0,0,2,4,1,2,1,2
Commons Lang,org.apache.commons.lang3.concurrent,ConcurrentUtils,3,158,0,34,2,42,1,29,1,12
Commons Lang,org.apache.commons.lang3.concurrent,AtomicSafeInitializer,0,33,0,4,0,7,0,4,0,2
Commons Lang,org.apache.commons.lang3.concurrent,BasicThreadFactory,0,107,0,10,0,29,0,14,0,9
Commons Lang,org.apache.commons.lang3.tuple,ImmutablePair,4,21,0,0,1,7,1,4,1,4
Commons Lang,org.apache.commons.lang3.tuple,Pair,2,107,1,11,0,17,1,14,0,9
Commons Lang,org.apache.commons.lang3.tuple,MutablePair,0,40,0,0,0,16,0,8,0,8
Commons Lang,org.apache.commons.lang3.exception,ExceptionUtils,46,566,6,80,15,128,7,62,3,23
Commons Lang,org.apache.commons.lang3.exception,ContextedRuntimeException,0,94,0,2,0,27,0,14,0,13
Commons Lang,org.apache.commons.lang3.exception,ContextedException,0,94,0,2,0,27,0,14,0,13
Commons Lang,org.apache.commons.lang3.exception,DefaultExceptionContext,0,227,0,24,0,54,0,20,0,8
Commons Lang,org.apache.commons.lang3.exception,CloneFailedException,8,5,0,0,4,2,2,1,2,1
Commons Lang,org.apache.commons.lang3.mutable,MutableShort,0,149,0,8,0,41,0,27,0,23
Commons Lang,org.apache.commons.lang3.mutable,MutableFloat,0,140,0,4,0,41,0,26,0,24
Commons Lang,org.apache.commons.lang3.mutable,MutableDouble,0,148,0,4,0,42,0,26,0,24
Commons Lang,org.apache.commons.lang3.mutable,MutableByte,0,147,0,8,0,41,0,27,0,23
Commons Lang,org.apache.commons.lang3.mutable,MutableBoolean,0,95,0,14,0,24,0,21,0,14
Commons Lang,org.apache.commons.lang3.mutable,MutableLong,0,149,0,8,0,40,0,26,0,22
Commons Lang,org.apache.commons.lang3.mutable,MutableObject,0,59,0,10,0,18,0,12,0,7
Commons Lang,org.apache.commons.lang3.mutable,MutableInt,0,140,0,8,0,40,0,26,0,22
Commons Lang,org.apache.commons.lang3.builder,ToStringStyle.NoFieldNameToStringStyle,2,6,0,0,1,3,1,1,1,1
Commons Lang,org.apache.commons.lang3.builder,ToStringStyle.SimpleToStringStyle,2,18,0,0,1,7,1,1,1,1
Commons Lang,org.apache.commons.lang3.builder,ReflectionToStringBuilder,174,190,15,25,37,47,25,21,15,11
Commons Lang,org.apache.commons.lang3.builder,HashCodeBuilder,54,754,5,93,7,148,8,77,3,33
Commons Lang,org.apache.commons.lang3.builder,CompareToBuilder,55,1002,30,210,22,234,32,118,2,28
Commons Lang,org.apache.commons.lang3.builder,ToStringStyle,792,955,97,121,190,293,101,121,41,72
Commons Lang,org.apache.commons.lang3.builder,StandardToStringStyle,97,46,0,0,39,23,29,12,29,12
Commons Lang,org.apache.commons.lang3.builder,ToStringStyle.ShortPrefixToStringStyle,2,9,0,0,1,4,1,1,1,1
Commons Lang,org.apache.commons.lang3.builder,ToStringBuilder,420,169,5,7,86,46,48,22,44,20
Commons Lang,org.apache.commons.lang3.builder,EqualsBuilder,103,948,49,183,39,224,50,101,1,34
Commons Lang,org.apache.commons.lang3.builder,ToStringStyle.MultiLineToStringStyle,2,29,0,0,1,6,1,1,1,1
Commons Lang,org.apache.commons.lang3.builder,ToStringStyle.DefaultToStringStyle,2,3,0,0,1,2,1,1,1,1
Commons Lang,org.apache.commons.lang3.builder,IDKey,5,32,3,3,2,9,3,3,0,3
Commons Lang,org.apache.commons.lang3.time,FastDateFormat.TimeZoneNumberRule,0,97,0,4,0,20,0,6,0,4
Commons Lang,org.apache.commons.lang3.time,FastDateFormat.UnpaddedNumberField,0,55,0,4,0,13,0,6,0,4
Commons Lang,org.apache.commons.lang3.time,FastDateFormat.TwoDigitYearField,0,38,0,0,0,9,0,5,0,5
Commons Lang,org.apache.commons.lang3.time,DateFormatUtils,6,149,0,0,1,38,1,17,1,17
Commons Lang,org.apache.commons.lang3.time,DurationFormatUtils,35,849,11,122,12,209,12,70,1,11
Commons Lang,org.apache.commons.lang3.time,FormatCache,37,135,4,16,7,29,5,9,1,3
Commons Lang,org.apache.commons.lang3.time,FastDateFormat.TwentyFourHourField,34,0,2,0,11,0,5,0,4,0
Commons Lang,org.apache.commons.lang3.time,FastDateFormat.TwoDigitMonthField,0,38,0,0,0,9,0,5,0,5
Commons Lang,org.apache.commons.lang3.time,FastDateFormat.StringLiteral,0,16,0,0,0,6,0,3,0,3
Commons Lang,org.apache.commons.lang3.time,FastDateFormat.TwelveHourField,24,10,2,0,7,4,3,2,2,2
Commons Lang,org.apache.commons.lang3.time,FastDateFormat.CharacterLiteral,0,14,0,0,0,6,0,3,0,3
Commons Lang,org.apache.commons.lang3.time,DurationFormatUtils.Token,5,112,1,15,1,30,2,15,1,8
Commons Lang,org.apache.commons.lang3.time,FastDateFormat.TwoDigitNumberField,0,44,0,2,0,11,0,5,0,4
Commons Lang,org.apache.commons.lang3.time,FastDateFormat.UnpaddedMonthField,18,31,1,1,2,9,1,5,0,5
Commons Lang,org.apache.commons.lang3.time,DateUtils,72,1368,22,194,13,293,25,148,5,53
Commons Lang,org.apache.commons.lang3.time,DateUtils.DateIterator,0,44,0,2,0,11,0,5,0,4
Commons Lang,org.apache.commons.lang3.time,FastDateFormat.PaddedNumberField,5,93,2,10,1,21,2,8,0,4
Commons Lang,org.apache.commons.lang3.time,FormatCache.MultipartKey,4,56,2,8,2,13,2,6,0,3
Commons Lang,org.apache.commons.lang3.time,FastDateFormat.new FormatCache() {...},0,10,0,0,0,2,0,2,0,2
Commons Lang,org.apache.commons.lang3.time,FastDateFormat.TimeZoneNameRule,0,48,1,3,0,10,1,4,0,3
Commons Lang,org.apache.commons.lang3.time,StopWatch,5,206,1,29,1,56,1,29,0,15
Commons Lang,org.apache.commons.lang3.time,FastDateFormat,257,627,26,76,45,142,34,68,16,25
Commons Lang,org.apache.commons.lang3.time,FastDateFormat.TimeZoneDisplayKey,5,62,5,7,2,14,5,4,0,3
Commons Lang,org.apache.commons.lang3.time,FastDateFormat.TextField,0,43,0,4,0,13,0,5,0,3
Commons Lang,org.apache.commons.lang3.text,StrMatcher.CharSetMatcher,0,22,0,2,0,5,0,3,0,2
Commons Lang,org.apache.commons.lang3.text,StrBuilder.StrBuilderReader,0,148,1,23,0,30,1,20,0,9
Commons Lang,org.apache.commons.lang3.text,StrLookup.MapStrLookup,0,23,0,4,0,9,0,4,0,2
Commons Lang,org.apache.commons.lang3.text,StrSubstitutor,5,785,2,78,2,203,2,81,0,43
Commons Lang,org.apache.commons.lang3.text,FormattableUtils,12,113,1,15,3,14,3,11,2,4
Commons Lang,org.apache.commons.lang3.text,StrMatcher.TrimMatcher,0,12,0,2,0,3,0,3,0,2
Commons Lang,org.apache.commons.lang3.text,StrMatcher.CharMatcher,0,16,0,2,0,4,0,3,0,2
Commons Lang,org.apache.commons.lang3.text,StrBuilder.StrBuilderWriter,0,43,0,0,0,15,0,8,0,8
Commons Lang,org.apache.commons.lang3.text,ExtendedMessageFormat,181,601,42,69,35,151,42,37,5,16
Commons Lang,org.apache.commons.lang3.text,StrMatcher.NoMatcher,0,5,0,0,0,3,0,2,0,2
Commons Lang,org.apache.commons.lang3.text,WordUtils,0,435,0,76,0,111,0,51,0,13
Commons Lang,org.apache.commons.lang3.text,StrMatcher,0,137,0,14,0,35,0,23,0,16
Commons Lang,org.apache.commons.lang3.text,StrTokenizer,51,923,3,91,19,231,9,103,6,59
Commons Lang,org.apache.commons.lang3.text,StrMatcher.StringMatcher,0,40,0,6,0,10,0,5,0,2
Commons Lang,org.apache.commons.lang3.text,StrBuilder,19,3089,6,470,5,659,8,367,2,135
Commons Lang,org.apache.commons.lang3.text,StrLookup,3,32,0,0,2,13,0,5,0,5
Commons Lang,org.apache.commons.lang3.text,CompositeFormat,0,34,0,0,0,9,0,6,0,6
Commons Lang,org.apache.commons.lang3.text,StrBuilder.StrBuilderTokenizer,8,27,2,2,2,8,2,3,0,3
